<?xml version="1.0" encoding="UTF-8"?>
<!-- Generated by org.testng.reporters.JUnitXMLReporter -->
<testsuite ignored="0" hostname="TYC1221031" failures="2" tests="2" name="Test" time="42.365" errors="0" timestamp="2022-08-10T09:17:16 IST">
  <testcase classname="com.crm.Vtiger.CreateContacts.CreateContactTest" name="main" time="42.279">
    <failure type="java.lang.AssertionError" message="null">
      <![CDATA[java.lang.AssertionError: null
at com.crm.Vtiger.CreateContacts.CreateContactTest.main(CreateContactTest.java:87)
at java.base/java.util.ArrayList.forEach(ArrayList.java:1511)
... Removed 29 stack frames]]>
    </failure>
  </testcase> <!-- main -->
  <testcase classname="com.crm.Vtiger.CreateContacts.CreateContactTest" name="main" time="42.321">
    <failure type="java.lang.NullPointerException" message="Cannot invoke &amp;quot;org.openqa.selenium.TakesScreenshot.getScreenshotAs(org.openqa.selenium.OutputType)&amp;quot; because &amp;quot;ts&amp;quot; is null">
      <![CDATA[java.lang.NullPointerException: Cannot invoke "org.openqa.selenium.TakesScreenshot.getScreenshotAs(org.openqa.selenium.OutputType)" because "ts" is null
at genericUtilities.ListnerImp.onTestFailure(ListnerImp.java:34)
at java.base/java.util.ArrayList.forEach(ArrayList.java:1511)
... Removed 24 stack frames]]>
    </failure>
  </testcase> <!-- main -->
</testsuite> <!-- Test -->
